<?xml version="1.0" encoding="UTF-8" ?>
<testsuites errors="1"
            failures="1"
            tests="4">

  <testsuite name="main-spec"
    errors="1" failures="1" hostname="" id="" package="main-spec" skipped="3"
    tests="4" time="3.320" timestamp="Mon, 05 Feb 2018 17:41:30 GMT">
  
    <testcase name="Page should be added to the container" classname="main-spec" time="3.320" assertions="2">

      <failure message="Testing if element &lt;#container&gt; contains text: &#34;home&#34;. Element could not be located.">    at Object.Page should be added to the container (/Users/simonmcmanus/node/speclate-example/tests/e2e/tests/main-spec.js:6:15)
    at _combinedTickCallback (internal/process/next_tick.js:131:7)</failure>

    
    </testcase>
  

  
    <system-err>
      ERROR: Unable to locate element: &#34;html[data-speclate-url=&#34;/contact.html&#34;][data-speclate-page=&#34;contact&#34;]&#34; using: css selector
    at F.command (/Users/simonmcmanus/node/speclate-example/node_modules/nightwatch/lib/api/assertions/containsText.js:46:21)
    at F.module.exports.BaseAssertion._scheduleAssertion (/Users/simonmcmanus/node/speclate-example/node_modules/nightwatch/lib/core/assertion.js:87:17)
    at F.module.exports.BaseAssertion._executeCommand (/Users/simonmcmanus/node/speclate-example/node_modules/nightwatch/lib/core/assertion.js:82:17)
    at AssertionInstance.commandFn [as _commandFn] (/Users/simonmcmanus/node/speclate-example/node_modules/nightwatch/lib/core/assertion.js:180:21)
    at AsyncTree.runCommand (/Users/simonmcmanus/node/speclate-example/node_modules/nightwatch/lib/core/queue.js:154:30)
    at AsyncTree.runChildNode (/Users/simonmcmanus/node/speclate-example/node_modules/nightwatch/lib/core/queue.js:114:8)
    at AsyncTree.walkDown (/Users/simonmcmanus/node/speclate-example/node_modules/nightwatch/lib/core/queue.js:80:10)
    at AsyncTree.walkUp (/Users/simonmcmanus/node/speclate-example/node_modules/nightwatch/lib/core/queue.js:97:8)
    at AsyncTree.walkDown (/Users/simonmcmanus/node/speclate-example/node_modules/nightwatch/lib/core/queue.js:90:12)
    at AsyncTree.traverse (/Users/simonmcmanus/node/speclate-example/node_modules/nightwatch/lib/core/queue.js:73:8)
ERROR: Unable to locate element: &#34;#container&#34; using: css selector
    at F.command (/Users/simonmcmanus/node/speclate-example/node_modules/nightwatch/lib/api/assertions/containsText.js:46:21)
    at F.module.exports.BaseAssertion._scheduleAssertion (/Users/simonmcmanus/node/speclate-example/node_modules/nightwatch/lib/core/assertion.js:87:17)
    at F.module.exports.BaseAssertion._executeCommand (/Users/simonmcmanus/node/speclate-example/node_modules/nightwatch/lib/core/assertion.js:82:17)
    at AssertionInstance.commandFn [as _commandFn] (/Users/simonmcmanus/node/speclate-example/node_modules/nightwatch/lib/core/assertion.js:180:21)
    at AsyncTree.runCommand (/Users/simonmcmanus/node/speclate-example/node_modules/nightwatch/lib/core/queue.js:154:30)
    at AsyncTree.runChildNode (/Users/simonmcmanus/node/speclate-example/node_modules/nightwatch/lib/core/queue.js:114:8)
    at AsyncTree.walkDown (/Users/simonmcmanus/node/speclate-example/node_modules/nightwatch/lib/core/queue.js:80:10)
    at AsyncTree.walkUp (/Users/simonmcmanus/node/speclate-example/node_modules/nightwatch/lib/core/queue.js:97:8)
    at AsyncTree.walkDown (/Users/simonmcmanus/node/speclate-example/node_modules/nightwatch/lib/core/queue.js:90:12)
    at AsyncTree.traverse (/Users/simonmcmanus/node/speclate-example/node_modules/nightwatch/lib/core/queue.js:73:8)
    </system-err>
  

  
    
    <testcase
      name="full page loads with just /" classname="main-spec">
      <skipped />
    </testcase>
    
    <testcase
      name="full page loads with just no forward slash" classname="main-spec">
      <skipped />
    </testcase>
    
    <testcase
      name="works with directory in the url" classname="main-spec">
      <skipped />
    </testcase>
    
  
  </testsuite>
</testsuites>
