<?xml version="1.0" encoding="UTF-8" ?>
<testsuites errors="0"
            failures="0"
            tests="3">

  <testsuite name="pages"
    errors="0" failures="0" hostname="" id="" package="pages" skipped="0"
    tests="3" time="30.68" timestamp="Mon, 05 Feb 2018 17:47:26 GMT">
  
    <testcase name="homepage loads" classname="pages" time="10.30" assertions="2">

    

    
    </testcase>
  
    <testcase name="contact" classname="pages" time="9.762" assertions="2">

    

    
    </testcase>
  
    <testcase name="about" classname="pages" time="10.61" assertions="2">

    

    
    </testcase>
  

  

  
  </testsuite>
</testsuites>
