<?xml version="1.0" encoding="UTF-8" ?>
<testsuites errors="1"
            failures="1"
            tests="1">

  <testsuite name="data-attributes-spec"
    errors="1" failures="1" hostname="" id="" package="data-attributes-spec" skipped="0"
    tests="1" time="7.541" timestamp="Mon, 05 Feb 2018 17:41:22 GMT">
  
    <testcase name="data attributes should be set on the html node" classname="data-attributes-spec" time="7.541" assertions="1">  <failure message="Testing if element &lt;html[data-speclate-url=&#34;/contact.html&#34;][data-speclate-page=&#34;contact&#34;]&gt; contains text: &#34;contact&#34;. Element could not be located.">    at Object.data attributes should be set on the html node (/Users/simonmcmanus/node/speclate-example/tests/e2e/tests/data-attributes-spec.js:6:15)
    at _combinedTickCallback (internal/process/next_tick.js:131:7)</failure>

    
    </testcase>
  

  
    <system-err>
      ERROR: Unable to locate element: &#34;html[data-speclate-url=&#34;/contact.html&#34;][data-speclate-page=&#34;contact&#34;]&#34; using: css selector
    at F.command (/Users/simonmcmanus/node/speclate-example/node_modules/nightwatch/lib/api/assertions/containsText.js:46:21)
    at F.module.exports.BaseAssertion._scheduleAssertion (/Users/simonmcmanus/node/speclate-example/node_modules/nightwatch/lib/core/assertion.js:87:17)
    at F.module.exports.BaseAssertion._executeCommand (/Users/simonmcmanus/node/speclate-example/node_modules/nightwatch/lib/core/assertion.js:82:17)
    at AssertionInstance.commandFn [as _commandFn] (/Users/simonmcmanus/node/speclate-example/node_modules/nightwatch/lib/core/assertion.js:180:21)
    at AsyncTree.runCommand (/Users/simonmcmanus/node/speclate-example/node_modules/nightwatch/lib/core/queue.js:154:30)
    at AsyncTree.runChildNode (/Users/simonmcmanus/node/speclate-example/node_modules/nightwatch/lib/core/queue.js:114:8)
    at AsyncTree.walkDown (/Users/simonmcmanus/node/speclate-example/node_modules/nightwatch/lib/core/queue.js:80:10)
    at AsyncTree.walkUp (/Users/simonmcmanus/node/speclate-example/node_modules/nightwatch/lib/core/queue.js:97:8)
    at AsyncTree.walkDown (/Users/simonmcmanus/node/speclate-example/node_modules/nightwatch/lib/core/queue.js:90:12)
    at AsyncTree.traverse (/Users/simonmcmanus/node/speclate-example/node_modules/nightwatch/lib/core/queue.js:73:8)
ERROR: Unable to locate element: &#34;#container&#34; using: css selector
    at F.command (/Users/simonmcmanus/node/speclate-example/node_modules/nightwatch/lib/api/assertions/containsText.js:46:21)
    at F.module.exports.BaseAssertion._scheduleAssertion (/Users/simonmcmanus/node/speclate-example/node_modules/nightwatch/lib/core/assertion.js:87:17)
    at F.module.exports.BaseAssertion._executeCommand (/Users/simonmcmanus/node/speclate-example/node_modules/nightwatch/lib/core/assertion.js:82:17)
    at AssertionInstance.commandFn [as _commandFn] (/Users/simonmcmanus/node/speclate-example/node_modules/nightwatch/lib/core/assertion.js:180:21)
    at AsyncTree.runCommand (/Users/simonmcmanus/node/speclate-example/node_modules/nightwatch/lib/core/queue.js:154:30)
    at AsyncTree.runChildNode (/Users/simonmcmanus/node/speclate-example/node_modules/nightwatch/lib/core/queue.js:114:8)
    at AsyncTree.walkDown (/Users/simonmcmanus/node/speclate-example/node_modules/nightwatch/lib/core/queue.js:80:10)
    at AsyncTree.walkUp (/Users/simonmcmanus/node/speclate-example/node_modules/nightwatch/lib/core/queue.js:97:8)
    at AsyncTree.walkDown (/Users/simonmcmanus/node/speclate-example/node_modules/nightwatch/lib/core/queue.js:90:12)
    at AsyncTree.traverse (/Users/simonmcmanus/node/speclate-example/node_modules/nightwatch/lib/core/queue.js:73:8)
    </system-err>
  

  
  </testsuite>
</testsuites>
